{"meta": {"format": 3, "version": "7.6.12", "timestamp": "2025-02-22T19:02:09.513135", "branch_coverage": false, "show_contexts": false}, "files": {"generate_stories/content_builder.py": {"executed_lines": [1, 2, 3, 4, 6, 7, 8, 11, 29, 43, 56, 71, 88, 99], "summary": {"covered_lines": 12, "num_statements": 38, "percent_covered": 31.57894736842105, "percent_covered_display": "32", "missing_lines": 26, "excluded_lines": 34}, "missing_lines": [9, 13, 15, 31, 32, 34, 36, 41, 58, 59, 90, 91, 92, 97, 100, 101, 103, 106, 107, 110, 117, 119, 128, 129, 131, 137], "excluded_lines": [14, 17, 35, 39, 43, 44, 45, 46, 47, 48, 49, 50, 51, 52, 53, 54, 71, 72, 73, 74, 75, 76, 77, 78, 79, 80, 81, 82, 83, 84, 85, 86, 102, 127], "functions": {"ContentBuilder.__init__": {"executed_lines": [8], "summary": {"covered_lines": 1, "num_statements": 2, "percent_covered": 50.0, "percent_covered_display": "50", "missing_lines": 1, "excluded_lines": 0}, "missing_lines": [9], "excluded_lines": []}, "ContentBuilder.build": {"executed_lines": [], "summary": {"covered_lines": 0, "num_statements": 2, "percent_covered": 0.0, "percent_covered_display": "0", "missing_lines": 2, "excluded_lines": 2}, "missing_lines": [13, 15], "excluded_lines": [14, 17]}, "ContentBuilder._calculate_theme_emphasis": {"executed_lines": [], "summary": {"covered_lines": 0, "num_statements": 5, "percent_covered": 0.0, "percent_covered_display": "0", "missing_lines": 5, "excluded_lines": 2}, "missing_lines": [31, 32, 34, 36, 41], "excluded_lines": [35, 39]}, "ContentBuilder._find_passionate_inputs": {"executed_lines": [], "summary": {"covered_lines": 0, "num_statements": 0, "percent_covered": 100.0, "percent_covered_display": "100", "missing_lines": 0, "excluded_lines": 11}, "missing_lines": [], "excluded_lines": [44, 45, 46, 47, 48, 49, 50, 51, 52, 53, 54]}, "ContentBuilder._extract_emotional_tone": {"executed_lines": [], "summary": {"covered_lines": 0, "num_statements": 2, "percent_covered": 0.0, "percent_covered_display": "0", "missing_lines": 2, "excluded_lines": 0}, "missing_lines": [58, 59], "excluded_lines": []}, "ContentBuilder._get_theme_passion": {"executed_lines": [], "summary": {"covered_lines": 0, "num_statements": 0, "percent_covered": 100.0, "percent_covered_display": "100", "missing_lines": 0, "excluded_lines": 15}, "missing_lines": [], "excluded_lines": [72, 73, 74, 75, 76, 77, 78, 79, 80, 81, 82, 83, 84, 85, 86]}, "ContentBuilder._get_theme_clarity": {"executed_lines": [], "summary": {"covered_lines": 0, "num_statements": 4, "percent_covered": 0.0, "percent_covered_display": "0", "missing_lines": 4, "excluded_lines": 0}, "missing_lines": [90, 91, 92, 97], "excluded_lines": []}, "ContentBuilder.build_story_prompt": {"executed_lines": [], "summary": {"covered_lines": 0, "num_statements": 12, "percent_covered": 0.0, "percent_covered_display": "0", "missing_lines": 12, "excluded_lines": 2}, "missing_lines": [100, 101, 103, 106, 107, 110, 117, 119, 128, 129, 131, 137], "excluded_lines": [102, 127]}, "": {"executed_lines": [1, 2, 3, 4, 6, 7, 11, 29, 43, 56, 71, 88, 99], "summary": {"covered_lines": 11, "num_statements": 11, "percent_covered": 100.0, "percent_covered_display": "100", "missing_lines": 0, "excluded_lines": 2}, "missing_lines": [], "excluded_lines": [43, 71]}}, "classes": {"ContentBuilder": {"executed_lines": [8], "summary": {"covered_lines": 1, "num_statements": 27, "percent_covered": 3.7037037037037037, "percent_covered_display": "4", "missing_lines": 26, "excluded_lines": 32}, "missing_lines": [9, 13, 15, 31, 32, 34, 36, 41, 58, 59, 90, 91, 92, 97, 100, 101, 103, 106, 107, 110, 117, 119, 128, 129, 131, 137], "excluded_lines": [14, 17, 35, 39, 44, 45, 46, 47, 48, 49, 50, 51, 52, 53, 54, 72, 73, 74, 75, 76, 77, 78, 79, 80, 81, 82, 83, 84, 85, 86, 102, 127]}, "": {"executed_lines": [1, 2, 3, 4, 6, 7, 11, 29, 43, 56, 71, 88, 99], "summary": {"covered_lines": 11, "num_statements": 11, "percent_covered": 100.0, "percent_covered_display": "100", "missing_lines": 0, "excluded_lines": 2}, "missing_lines": [], "excluded_lines": [43, 71]}}}, "generate_stories/data_contracts.py": {"executed_lines": [1, 5, 15, 28, 38], "summary": {"covered_lines": 2, "num_statements": 2, "percent_covered": 100.0, "percent_covered_display": "100", "missing_lines": 0, "excluded_lines": 2}, "missing_lines": [], "excluded_lines": [28, 38], "functions": {"": {"executed_lines": [1, 5, 15, 28, 38], "summary": {"covered_lines": 2, "num_statements": 2, "percent_covered": 100.0, "percent_covered_display": "100", "missing_lines": 0, "excluded_lines": 2}, "missing_lines": [], "excluded_lines": [28, 38]}}, "classes": {"": {"executed_lines": [1, 5, 15, 28, 38], "summary": {"covered_lines": 2, "num_statements": 2, "percent_covered": 100.0, "percent_covered_display": "100", "missing_lines": 0, "excluded_lines": 2}, "missing_lines": [], "excluded_lines": [28, 38]}}}, "generate_stories/generate_stories.py": {"executed_lines": [], "summary": {"covered_lines": 0, "num_statements": 90, "percent_covered": 0.0, "percent_covered_display": "0", "missing_lines": 90, "excluded_lines": 33}, "missing_lines": [1, 2, 3, 4, 5, 6, 7, 8, 9, 10, 11, 12, 14, 15, 18, 28, 29, 31, 44, 45, 46, 49, 50, 51, 52, 53, 55, 56, 58, 59, 61, 67, 69, 70, 71, 72, 74, 75, 77, 78, 79, 80, 81, 82, 85, 96, 97, 98, 99, 101, 102, 105, 106, 112, 118, 119, 120, 121, 122, 123, 126, 138, 139, 140, 143, 144, 146, 147, 155, 162, 168, 169, 170, 172, 173, 174, 193, 196, 197, 198, 199, 202, 208, 209, 218, 221, 222, 223, 224, 225], "excluded_lines": [145, 150, 156, 157, 158, 159, 177, 227, 228, 229, 231, 232, 234, 237, 238, 239, 242, 243, 245, 246, 247, 249, 252, 253, 254, 255, 256, 257, 258, 259, 260, 261, 262], "functions": {"shuffle_prompt_components": {"executed_lines": [], "summary": {"covered_lines": 0, "num_statements": 2, "percent_covered": 0.0, "percent_covered_display": "0", "missing_lines": 2, "excluded_lines": 0}, "missing_lines": [28, 29], "excluded_lines": []}, "store_story_prompts": {"executed_lines": [], "summary": {"covered_lines": 0, "num_statements": 26, "percent_covered": 0.0, "percent_covered_display": "0", "missing_lines": 26, "excluded_lines": 0}, "missing_lines": [44, 45, 46, 49, 50, 51, 52, 53, 55, 56, 58, 59, 61, 67, 69, 70, 71, 72, 74, 75, 77, 78, 79, 80, 81, 82], "excluded_lines": []}, "store_story": {"executed_lines": [], "summary": {"covered_lines": 0, "num_statements": 15, "percent_covered": 0.0, "percent_covered_display": "0", "missing_lines": 15, "excluded_lines": 0}, "missing_lines": [96, 97, 98, 99, 101, 102, 105, 106, 112, 118, 119, 120, 121, 122, 123], "excluded_lines": []}, "generate_story": {"executed_lines": [], "summary": {"covered_lines": 0, "num_statements": 29, "percent_covered": 0.0, "percent_covered_display": "0", "missing_lines": 29, "excluded_lines": 7}, "missing_lines": [138, 139, 140, 143, 144, 146, 147, 155, 162, 168, 169, 170, 172, 173, 174, 193, 196, 197, 198, 199, 202, 208, 209, 218, 221, 222, 223, 224, 225], "excluded_lines": [145, 150, 156, 157, 158, 159, 177]}, "": {"executed_lines": [], "summary": {"covered_lines": 0, "num_statements": 18, "percent_covered": 0.0, "percent_covered_display": "0", "missing_lines": 18, "excluded_lines": 26}, "missing_lines": [1, 2, 3, 4, 5, 6, 7, 8, 9, 10, 11, 12, 14, 15, 18, 31, 85, 126], "excluded_lines": [227, 228, 229, 231, 232, 234, 237, 238, 239, 242, 243, 245, 246, 247, 249, 252, 253, 254, 255, 256, 257, 258, 259, 260, 261, 262]}}, "classes": {"": {"executed_lines": [], "summary": {"covered_lines": 0, "num_statements": 90, "percent_covered": 0.0, "percent_covered_display": "0", "missing_lines": 90, "excluded_lines": 33}, "missing_lines": [1, 2, 3, 4, 5, 6, 7, 8, 9, 10, 11, 12, 14, 15, 18, 28, 29, 31, 44, 45, 46, 49, 50, 51, 52, 53, 55, 56, 58, 59, 61, 67, 69, 70, 71, 72, 74, 75, 77, 78, 79, 80, 81, 82, 85, 96, 97, 98, 99, 101, 102, 105, 106, 112, 118, 119, 120, 121, 122, 123, 126, 138, 139, 140, 143, 144, 146, 147, 155, 162, 168, 169, 170, 172, 173, 174, 193, 196, 197, 198, 199, 202, 208, 209, 218, 221, 222, 223, 224, 225], "excluded_lines": [145, 150, 156, 157, 158, 159, 177, 227, 228, 229, 231, 232, 234, 237, 238, 239, 242, 243, 245, 246, 247, 249, 252, 253, 254, 255, 256, 257, 258, 259, 260, 261, 262]}}}, "generate_stories/generate_stories_build.py": {"executed_lines": [1, 2, 3, 4, 5, 7, 11], "summary": {"covered_lines": 7, "num_statements": 14, "percent_covered": 50.0, "percent_covered_display": "50", "missing_lines": 7, "excluded_lines": 0}, "missing_lines": [14, 15, 18, 21, 35, 38, 40], "excluded_lines": [], "functions": {"generate_story": {"executed_lines": [11], "summary": {"covered_lines": 1, "num_statements": 8, "percent_covered": 12.5, "percent_covered_display": "12", "missing_lines": 7, "excluded_lines": 0}, "missing_lines": [14, 15, 18, 21, 35, 38, 40], "excluded_lines": []}, "": {"executed_lines": [1, 2, 3, 4, 5, 7], "summary": {"covered_lines": 6, "num_statements": 6, "percent_covered": 100.0, "percent_covered_display": "100", "missing_lines": 0, "excluded_lines": 0}, "missing_lines": [], "excluded_lines": []}}, "classes": {"": {"executed_lines": [1, 2, 3, 4, 5, 7, 11], "summary": {"covered_lines": 7, "num_statements": 14, "percent_covered": 50.0, "percent_covered_display": "50", "missing_lines": 7, "excluded_lines": 0}, "missing_lines": [14, 15, 18, 21, 35, 38, 40], "excluded_lines": []}}}, "generate_stories/gs_db_utils.py": {"executed_lines": [], "summary": {"covered_lines": 0, "num_statements": 110, "percent_covered": 0.0, "percent_covered_display": "0", "missing_lines": 110, "excluded_lines": 0}, "missing_lines": [1, 2, 3, 4, 6, 7, 8, 9, 10, 12, 23, 25, 27, 28, 31, 49, 50, 52, 53, 54, 56, 57, 58, 70, 72, 73, 74, 76, 77, 78, 79, 81, 91, 109, 111, 112, 115, 118, 121, 122, 123, 124, 125, 131, 142, 144, 145, 146, 148, 149, 150, 151, 153, 154, 155, 156, 159, 164, 166, 167, 168, 170, 171, 173, 174, 175, 178, 179, 180, 181, 184, 185, 188, 189, 190, 191, 192, 193, 194, 197, 198, 199, 200, 201, 204, 207, 208, 210, 218, 219, 220, 222, 223, 226, 227, 230, 231, 234, 241, 242, 243, 246, 247, 250, 251, 254, 262, 265, 273, 275], "excluded_lines": [], "functions": {"fetch_persona_data": {"executed_lines": [], "summary": {"covered_lines": 0, "num_statements": 21, "percent_covered": 0.0, "percent_covered_display": "0", "missing_lines": 21, "excluded_lines": 0}, "missing_lines": [23, 25, 27, 28, 31, 49, 50, 52, 53, 54, 56, 57, 58, 70, 72, 73, 74, 76, 77, 78, 79], "excluded_lines": []}, "fetch_all_personas_in_test_run": {"executed_lines": [], "summary": {"covered_lines": 0, "num_statements": 20, "percent_covered": 0.0, "percent_covered_display": "0", "missing_lines": 20, "excluded_lines": 0}, "missing_lines": [91, 109, 111, 112, 115, 118, 121, 122, 123, 124, 125, 131, 142, 144, 145, 146, 148, 149, 150, 151], "excluded_lines": []}, "pull_input_stats": {"executed_lines": [], "summary": {"covered_lines": 0, "num_statements": 38, "percent_covered": 0.0, "percent_covered_display": "0", "missing_lines": 38, "excluded_lines": 0}, "missing_lines": [154, 155, 156, 159, 164, 166, 167, 168, 170, 171, 173, 174, 175, 178, 179, 180, 181, 184, 185, 188, 189, 190, 191, 192, 193, 194, 197, 198, 199, 200, 201, 204, 207, 208, 210, 218, 219, 220], "excluded_lines": []}, "get_test_run_stats": {"executed_lines": [], "summary": {"covered_lines": 0, "num_statements": 18, "percent_covered": 0.0, "percent_covered_display": "0", "missing_lines": 18, "excluded_lines": 0}, "missing_lines": [223, 226, 227, 230, 231, 234, 241, 242, 243, 246, 247, 250, 251, 254, 262, 265, 273, 275], "excluded_lines": []}, "": {"executed_lines": [], "summary": {"covered_lines": 0, "num_statements": 13, "percent_covered": 0.0, "percent_covered_display": "0", "missing_lines": 13, "excluded_lines": 0}, "missing_lines": [1, 2, 3, 4, 6, 7, 8, 9, 10, 12, 81, 153, 222], "excluded_lines": []}}, "classes": {"": {"executed_lines": [], "summary": {"covered_lines": 0, "num_statements": 110, "percent_covered": 0.0, "percent_covered_display": "0", "missing_lines": 110, "excluded_lines": 0}, "missing_lines": [1, 2, 3, 4, 6, 7, 8, 9, 10, 12, 23, 25, 27, 28, 31, 49, 50, 52, 53, 54, 56, 57, 58, 70, 72, 73, 74, 76, 77, 78, 79, 81, 91, 109, 111, 112, 115, 118, 121, 122, 123, 124, 125, 131, 142, 144, 145, 146, 148, 149, 150, 151, 153, 154, 155, 156, 159, 164, 166, 167, 168, 170, 171, 173, 174, 175, 178, 179, 180, 181, 184, 185, 188, 189, 190, 191, 192, 193, 194, 197, 198, 199, 200, 201, 204, 207, 208, 210, 218, 219, 220, 222, 223, 226, 227, 230, 231, 234, 241, 242, 243, 246, 247, 250, 251, 254, 262, 265, 273, 275], "excluded_lines": []}}}, "generate_stories/gs_db_utils_build.py": {"executed_lines": [1, 2, 3, 4, 6, 8, 9, 14, 16, 17, 18, 30, 48, 61, 73, 111], "summary": {"covered_lines": 15, "num_statements": 45, "percent_covered": 33.333333333333336, "percent_covered_display": "33", "missing_lines": 30, "excluded_lines": 11}, "missing_lines": [10, 11, 12, 24, 25, 26, 28, 32, 33, 34, 46, 50, 51, 52, 58, 59, 75, 76, 78, 84, 86, 95, 109, 113, 114, 115, 125, 126, 127, 129], "excluded_lines": [61, 62, 63, 64, 65, 66, 67, 68, 69, 70, 71], "functions": {"get_db_connection": {"executed_lines": [8, 9], "summary": {"covered_lines": 2, "num_statements": 5, "percent_covered": 40.0, "percent_covered_display": "40", "missing_lines": 3, "excluded_lines": 0}, "missing_lines": [10, 11, 12], "excluded_lines": []}, "get_foundation_data": {"executed_lines": [16, 17, 18], "summary": {"covered_lines": 3, "num_statements": 7, "percent_covered": 42.857142857142854, "percent_covered_display": "43", "missing_lines": 4, "excluded_lines": 0}, "missing_lines": [24, 25, 26, 28], "excluded_lines": []}, "get_inputs_data": {"executed_lines": [], "summary": {"covered_lines": 0, "num_statements": 4, "percent_covered": 0.0, "percent_covered_display": "0", "missing_lines": 4, "excluded_lines": 0}, "missing_lines": [32, 33, 34, 46], "excluded_lines": []}, "get_clarity_scores": {"executed_lines": [], "summary": {"covered_lines": 0, "num_statements": 5, "percent_covered": 0.0, "percent_covered_display": "0", "missing_lines": 5, "excluded_lines": 0}, "missing_lines": [50, 51, 52, 58, 59], "excluded_lines": []}, "get_passion_scores": {"executed_lines": [], "summary": {"covered_lines": 0, "num_statements": 0, "percent_covered": 100.0, "percent_covered_display": "100", "missing_lines": 0, "excluded_lines": 10}, "missing_lines": [], "excluded_lines": [62, 63, 64, 65, 66, 67, 68, 69, 70, 71]}, "store_story": {"executed_lines": [], "summary": {"covered_lines": 0, "num_statements": 7, "percent_covered": 0.0, "percent_covered_display": "0", "missing_lines": 7, "excluded_lines": 0}, "missing_lines": [75, 76, 78, 84, 86, 95, 109], "excluded_lines": []}, "get_story_status": {"executed_lines": [], "summary": {"covered_lines": 0, "num_statements": 7, "percent_covered": 0.0, "percent_covered_display": "0", "missing_lines": 7, "excluded_lines": 0}, "missing_lines": [113, 114, 115, 125, 126, 127, 129], "excluded_lines": []}, "": {"executed_lines": [1, 2, 3, 4, 6, 14, 30, 48, 61, 73, 111], "summary": {"covered_lines": 10, "num_statements": 10, "percent_covered": 100.0, "percent_covered_display": "100", "missing_lines": 0, "excluded_lines": 1}, "missing_lines": [], "excluded_lines": [61]}}, "classes": {"": {"executed_lines": [1, 2, 3, 4, 6, 8, 9, 14, 16, 17, 18, 30, 48, 61, 73, 111], "summary": {"covered_lines": 15, "num_statements": 45, "percent_covered": 33.333333333333336, "percent_covered_display": "33", "missing_lines": 30, "excluded_lines": 11}, "missing_lines": [10, 11, 12, 24, 25, 26, 28, 32, 33, 34, 46, 50, 51, 52, 58, 59, 75, 76, 78, 84, 86, 95, 109, 113, 114, 115, 125, 126, 127, 129], "excluded_lines": [61, 62, 63, 64, 65, 66, 67, 68, 69, 70, 71]}}}, "generate_stories/persona_profile_build.py": {"executed_lines": [1, 2, 9, 13], "summary": {"covered_lines": 3, "num_statements": 13, "percent_covered": 23.076923076923077, "percent_covered_display": "23", "missing_lines": 10, "excluded_lines": 3}, "missing_lines": [16, 19, 23, 24, 25, 26, 27, 28, 29, 32], "excluded_lines": [2, 20, 37], "functions": {"build_persona_profile": {"executed_lines": [13], "summary": {"covered_lines": 1, "num_statements": 11, "percent_covered": 9.090909090909092, "percent_covered_display": "9", "missing_lines": 10, "excluded_lines": 2}, "missing_lines": [16, 19, 23, 24, 25, 26, 27, 28, 29, 32], "excluded_lines": [20, 37]}, "": {"executed_lines": [1, 2, 9], "summary": {"covered_lines": 2, "num_statements": 2, "percent_covered": 100.0, "percent_covered_display": "100", "missing_lines": 0, "excluded_lines": 1}, "missing_lines": [], "excluded_lines": [2]}}, "classes": {"": {"executed_lines": [1, 2, 9, 13], "summary": {"covered_lines": 3, "num_statements": 13, "percent_covered": 23.076923076923077, "percent_covered_display": "23", "missing_lines": 10, "excluded_lines": 3}, "missing_lines": [16, 19, 23, 24, 25, 26, 27, 28, 29, 32], "excluded_lines": [2, 20, 37]}}}, "generate_stories/persona_profile_builder.py": {"executed_lines": [], "summary": {"covered_lines": 0, "num_statements": 39, "percent_covered": 0.0, "percent_covered_display": "0", "missing_lines": 39, "excluded_lines": 69}, "missing_lines": [1, 2, 3, 4, 5, 6, 7, 8, 9, 10, 11, 14, 15, 16, 17, 20, 93, 105, 107, 108, 109, 110, 111, 112, 113, 115, 116, 119, 120, 121, 122, 125, 126, 127, 128, 134, 135, 136, 137], "excluded_lines": [23, 24, 25, 26, 27, 28, 29, 30, 31, 32, 33, 34, 35, 36, 37, 38, 39, 40, 41, 42, 43, 46, 47, 48, 49, 50, 51, 52, 53, 54, 55, 56, 57, 58, 59, 60, 61, 62, 63, 64, 65, 66, 67, 68, 69, 70, 71, 72, 73, 74, 75, 76, 77, 78, 79, 80, 81, 82, 83, 84, 85, 86, 87, 88, 89, 90, 130, 131, 139], "functions": {"calculate_passion_score": {"executed_lines": [], "summary": {"covered_lines": 0, "num_statements": 0, "percent_covered": 100.0, "percent_covered_display": "100", "missing_lines": 0, "excluded_lines": 20}, "missing_lines": [], "excluded_lines": [24, 25, 26, 27, 28, 29, 30, 31, 32, 33, 34, 35, 36, 37, 38, 39, 40, 41, 42, 43]}, "store_passion_scores": {"executed_lines": [], "summary": {"covered_lines": 0, "num_statements": 0, "percent_covered": 100.0, "percent_covered_display": "100", "missing_lines": 0, "excluded_lines": 44}, "missing_lines": [], "excluded_lines": [47, 48, 49, 50, 51, 52, 53, 54, 55, 56, 57, 58, 59, 60, 61, 62, 63, 64, 65, 66, 67, 68, 69, 70, 71, 72, 73, 74, 75, 76, 77, 78, 79, 80, 81, 82, 83, 84, 85, 86, 87, 88, 89, 90]}, "build_persona_profile": {"executed_lines": [], "summary": {"covered_lines": 0, "num_statements": 22, "percent_covered": 0.0, "percent_covered_display": "0", "missing_lines": 22, "excluded_lines": 3}, "missing_lines": [105, 107, 108, 109, 110, 111, 112, 113, 115, 116, 119, 120, 121, 122, 125, 126, 127, 128, 134, 135, 136, 137], "excluded_lines": [130, 131, 139]}, "": {"executed_lines": [], "summary": {"covered_lines": 0, "num_statements": 17, "percent_covered": 0.0, "percent_covered_display": "0", "missing_lines": 17, "excluded_lines": 2}, "missing_lines": [1, 2, 3, 4, 5, 6, 7, 8, 9, 10, 11, 14, 15, 16, 17, 20, 93], "excluded_lines": [23, 46]}}, "classes": {"": {"executed_lines": [], "summary": {"covered_lines": 0, "num_statements": 39, "percent_covered": 0.0, "percent_covered_display": "0", "missing_lines": 39, "excluded_lines": 69}, "missing_lines": [1, 2, 3, 4, 5, 6, 7, 8, 9, 10, 11, 14, 15, 16, 17, 20, 93, 105, 107, 108, 109, 110, 111, 112, 113, 115, 116, 119, 120, 121, 122, 125, 126, 127, 128, 134, 135, 136, 137], "excluded_lines": [23, 24, 25, 26, 27, 28, 29, 30, 31, 32, 33, 34, 35, 36, 37, 38, 39, 40, 41, 42, 43, 46, 47, 48, 49, 50, 51, 52, 53, 54, 55, 56, 57, 58, 59, 60, 61, 62, 63, 64, 65, 66, 67, 68, 69, 70, 71, 72, 73, 74, 75, 76, 77, 78, 79, 80, 81, 82, 83, 84, 85, 86, 87, 88, 89, 90, 130, 131, 139]}}}, "generate_stories/refactor_map.py": {"executed_lines": [], "summary": {"covered_lines": 0, "num_statements": 2, "percent_covered": 0.0, "percent_covered_display": "0", "missing_lines": 2, "excluded_lines": 1}, "missing_lines": [116, 123], "excluded_lines": [7], "functions": {"": {"executed_lines": [], "summary": {"covered_lines": 0, "num_statements": 2, "percent_covered": 0.0, "percent_covered_display": "0", "missing_lines": 2, "excluded_lines": 1}, "missing_lines": [116, 123], "excluded_lines": [7]}}, "classes": {"": {"executed_lines": [], "summary": {"covered_lines": 0, "num_statements": 2, "percent_covered": 0.0, "percent_covered_display": "0", "missing_lines": 2, "excluded_lines": 1}, "missing_lines": [116, 123], "excluded_lines": [7]}}}, "generate_stories/theme_prioritizer.py": {"executed_lines": [], "summary": {"covered_lines": 0, "num_statements": 78, "percent_covered": 0.0, "percent_covered_display": "0", "missing_lines": 78, "excluded_lines": 0}, "missing_lines": [1, 3, 14, 15, 16, 19, 20, 21, 23, 25, 26, 27, 28, 29, 30, 31, 33, 35, 36, 39, 40, 41, 44, 45, 46, 48, 51, 52, 53, 56, 57, 58, 59, 60, 61, 62, 63, 64, 67, 68, 69, 70, 71, 72, 75, 76, 79, 80, 81, 82, 83, 84, 85, 86, 89, 90, 91, 95, 98, 99, 100, 101, 102, 103, 106, 107, 108, 109, 112, 113, 116, 117, 118, 121, 132, 133, 134, 136], "excluded_lines": [], "functions": {"prioritize_themes": {"executed_lines": [], "summary": {"covered_lines": 0, "num_statements": 76, "percent_covered": 0.0, "percent_covered_display": "0", "missing_lines": 76, "excluded_lines": 0}, "missing_lines": [14, 15, 16, 19, 20, 21, 23, 25, 26, 27, 28, 29, 30, 31, 33, 35, 36, 39, 40, 41, 44, 45, 46, 48, 51, 52, 53, 56, 57, 58, 59, 60, 61, 62, 63, 64, 67, 68, 69, 70, 71, 72, 75, 76, 79, 80, 81, 82, 83, 84, 85, 86, 89, 90, 91, 95, 98, 99, 100, 101, 102, 103, 106, 107, 108, 109, 112, 113, 116, 117, 118, 121, 132, 133, 134, 136], "excluded_lines": []}, "": {"executed_lines": [], "summary": {"covered_lines": 0, "num_statements": 2, "percent_covered": 0.0, "percent_covered_display": "0", "missing_lines": 2, "excluded_lines": 0}, "missing_lines": [1, 3], "excluded_lines": []}}, "classes": {"": {"executed_lines": [], "summary": {"covered_lines": 0, "num_statements": 78, "percent_covered": 0.0, "percent_covered_display": "0", "missing_lines": 78, "excluded_lines": 0}, "missing_lines": [1, 3, 14, 15, 16, 19, 20, 21, 23, 25, 26, 27, 28, 29, 30, 31, 33, 35, 36, 39, 40, 41, 44, 45, 46, 48, 51, 52, 53, 56, 57, 58, 59, 60, 61, 62, 63, 64, 67, 68, 69, 70, 71, 72, 75, 76, 79, 80, 81, 82, 83, 84, 85, 86, 89, 90, 91, 95, 98, 99, 100, 101, 102, 103, 106, 107, 108, 109, 112, 113, 116, 117, 118, 121, 132, 133, 134, 136], "excluded_lines": []}}}, "generate_stories/utils.py": {"executed_lines": [1, 2, 4, 6, 7, 9, 10, 12, 13, 14, 15, 17, 18, 20, 22], "summary": {"covered_lines": 15, "num_statements": 16, "percent_covered": 93.75, "percent_covered_display": "94", "missing_lines": 1, "excluded_lines": 0}, "missing_lines": [16], "excluded_lines": [], "functions": {"validate_schema": {"executed_lines": [6, 7, 9, 10, 12, 13, 14, 15, 17, 18], "summary": {"covered_lines": 10, "num_statements": 11, "percent_covered": 90.9090909090909, "percent_covered_display": "91", "missing_lines": 1, "excluded_lines": 0}, "missing_lines": [16], "excluded_lines": []}, "validate_persona_data": {"executed_lines": [22], "summary": {"covered_lines": 1, "num_statements": 1, "percent_covered": 100.0, "percent_covered_display": "100", "missing_lines": 0, "excluded_lines": 0}, "missing_lines": [], "excluded_lines": []}, "": {"executed_lines": [1, 2, 4, 20], "summary": {"covered_lines": 4, "num_statements": 4, "percent_covered": 100.0, "percent_covered_display": "100", "missing_lines": 0, "excluded_lines": 0}, "missing_lines": [], "excluded_lines": []}}, "classes": {"": {"executed_lines": [1, 2, 4, 6, 7, 9, 10, 12, 13, 14, 15, 17, 18, 20, 22], "summary": {"covered_lines": 15, "num_statements": 16, "percent_covered": 93.75, "percent_covered_display": "94", "missing_lines": 1, "excluded_lines": 0}, "missing_lines": [16], "excluded_lines": []}}}}, "totals": {"covered_lines": 54, "num_statements": 447, "percent_covered": 12.080536912751677, "percent_covered_display": "12", "missing_lines": 393, "excluded_lines": 153}}